This is pdfTeX, Version 3.141592653-2.6-1.40.25 (TeX Live 2023) (preloaded format=pdflatex 2023.8.11)  9 FEB 2024 04:43
entering extended mode
 restricted \write18 enabled.
 %&-line parsing enabled.
**UserManual.tex
(./UserManual.tex
LaTeX2e <2022-11-01> patch level 1
L3 programming layer <2023-02-22>
(/usr/local/texlive/2023/texmf-dist/tex/latex/base/article.cls
Document Class: article 2022/07/02 v1.4n Standard LaTeX document class
(/usr/local/texlive/2023/texmf-dist/tex/latex/base/size12.clo
File: size12.clo 2022/07/02 v1.4n Standard LaTeX file (size option)
)
\c@part=\count185
\c@section=\count186
\c@subsection=\count187
\c@subsubsection=\count188
\c@paragraph=\count189
\c@subparagraph=\count190
\c@figure=\count191
\c@table=\count192
\abovecaptionskip=\skip48
\belowcaptionskip=\skip49
\bibindent=\dimen140
)
(/usr/local/texlive/2023/texmf-dist/tex/latex/subfiles/subfiles.sty
Package: subfiles 2020/11/14 v2.2 Multi-file projects (package)

(/usr/local/texlive/2023/texmf-dist/tex/latex/import/import.sty
Package: import 2020/04/01  v 6.2
))
(/usr/local/texlive/2023/texmf-dist/tex/latex/graphics/graphicx.sty
Package: graphicx 2021/09/16 v1.2d Enhanced LaTeX Graphics (DPC,SPQR)

(/usr/local/texlive/2023/texmf-dist/tex/latex/graphics/keyval.sty
Package: keyval 2022/05/29 v1.15 key=value parser (DPC)
\KV@toks@=\toks16
)
(/usr/local/texlive/2023/texmf-dist/tex/latex/graphics/graphics.sty
Package: graphics 2022/03/10 v1.4e Standard LaTeX Graphics (DPC,SPQR)

(/usr/local/texlive/2023/texmf-dist/tex/latex/graphics/trig.sty
Package: trig 2021/08/11 v1.11 sin cos tan (DPC)
)
(/usr/local/texlive/2023/texmf-dist/tex/latex/graphics-cfg/graphics.cfg
File: graphics.cfg 2016/06/04 v1.11 sample graphics configuration
)
Package graphics Info: Driver file: pdftex.def on input line 107.

(/usr/local/texlive/2023/texmf-dist/tex/latex/graphics-def/pdftex.def
File: pdftex.def 2022/09/22 v1.2b Graphics/color driver for pdftex
))
\Gin@req@height=\dimen141
\Gin@req@width=\dimen142
)
(/usr/local/texlive/2023/texmf-dist/tex/latex/hyperref/hyperref.sty
Package: hyperref 2023-02-07 v7.00v Hypertext links for LaTeX

(/usr/local/texlive/2023/texmf-dist/tex/generic/ltxcmds/ltxcmds.sty
Package: ltxcmds 2020-05-10 v1.25 LaTeX kernel commands for general use (HO)
)
(/usr/local/texlive/2023/texmf-dist/tex/generic/iftex/iftex.sty
Package: iftex 2022/02/03 v1.0f TeX engine tests
)
(/usr/local/texlive/2023/texmf-dist/tex/generic/pdftexcmds/pdftexcmds.sty
Package: pdftexcmds 2020-06-27 v0.33 Utility functions of pdfTeX for LuaTeX (HO
)

(/usr/local/texlive/2023/texmf-dist/tex/generic/infwarerr/infwarerr.sty
Package: infwarerr 2019/12/03 v1.5 Providing info/warning/error messages (HO)
)
Package pdftexcmds Info: \pdf@primitive is available.
Package pdftexcmds Info: \pdf@ifprimitive is available.
Package pdftexcmds Info: \pdfdraftmode found.
)
(/usr/local/texlive/2023/texmf-dist/tex/latex/kvsetkeys/kvsetkeys.sty
Package: kvsetkeys 2022-10-05 v1.19 Key value parser (HO)
)
(/usr/local/texlive/2023/texmf-dist/tex/generic/kvdefinekeys/kvdefinekeys.sty
Package: kvdefinekeys 2019-12-19 v1.6 Define keys (HO)
)
(/usr/local/texlive/2023/texmf-dist/tex/generic/pdfescape/pdfescape.sty
Package: pdfescape 2019/12/09 v1.15 Implements pdfTeX's escape features (HO)
)
(/usr/local/texlive/2023/texmf-dist/tex/latex/hycolor/hycolor.sty
Package: hycolor 2020-01-27 v1.10 Color options for hyperref/bookmark (HO)
)
(/usr/local/texlive/2023/texmf-dist/tex/latex/letltxmacro/letltxmacro.sty
Package: letltxmacro 2019/12/03 v1.6 Let assignment for LaTeX macros (HO)
)
(/usr/local/texlive/2023/texmf-dist/tex/latex/auxhook/auxhook.sty
Package: auxhook 2019-12-17 v1.6 Hooks for auxiliary files (HO)
)
(/usr/local/texlive/2023/texmf-dist/tex/latex/hyperref/nameref.sty
Package: nameref 2022-05-17 v2.50 Cross-referencing by name of section

(/usr/local/texlive/2023/texmf-dist/tex/latex/refcount/refcount.sty
Package: refcount 2019/12/15 v3.6 Data extraction from label references (HO)
)
(/usr/local/texlive/2023/texmf-dist/tex/generic/gettitlestring/gettitlestring.s
ty
Package: gettitlestring 2019/12/15 v1.6 Cleanup title references (HO)
 (/usr/local/texlive/2023/texmf-dist/tex/latex/kvoptions/kvoptions.sty
Package: kvoptions 2022-06-15 v3.15 Key value format for package options (HO)
))
\c@section@level=\count193
)
\@linkdim=\dimen143
\Hy@linkcounter=\count194
\Hy@pagecounter=\count195

(/usr/local/texlive/2023/texmf-dist/tex/latex/hyperref/pd1enc.def
File: pd1enc.def 2023-02-07 v7.00v Hyperref: PDFDocEncoding definition (HO)
Now handling font encoding PD1 ...
... no UTF-8 mapping file for font encoding PD1
)
(/usr/local/texlive/2023/texmf-dist/tex/generic/intcalc/intcalc.sty
Package: intcalc 2019/12/15 v1.3 Expandable calculations with integers (HO)
)
(/usr/local/texlive/2023/texmf-dist/tex/generic/etexcmds/etexcmds.sty
Package: etexcmds 2019/12/15 v1.7 Avoid name clashes with e-TeX commands (HO)
)
\Hy@SavedSpaceFactor=\count196

(/usr/local/texlive/2023/texmf-dist/tex/latex/hyperref/puenc.def
File: puenc.def 2023-02-07 v7.00v Hyperref: PDF Unicode definition (HO)
Now handling font encoding PU ...
... no UTF-8 mapping file for font encoding PU
)
Package hyperref Info: Option `unicode' set `true' on input line 4060.

(/usr/local/texlive/2023/texmf-dist/tex/generic/stringenc/stringenc.sty
Package: stringenc 2019/11/29 v1.12 Convert strings between diff. encodings (HO
)
)
(/usr/local/texlive/2023/texmf-dist/tex/generic/stringenc/se-pdfdoc.def
File: se-pdfdoc.def 2019/11/29 v1.12 stringenc: PDFDocEncoding
)
Package hyperref Info: Option `colorlinks' set `true' on input line 4060.
Package hyperref Info: Option `breaklinks' set `true' on input line 4060.
Package hyperref Info: Hyper figures OFF on input line 4177.
Package hyperref Info: Link nesting OFF on input line 4182.
Package hyperref Info: Hyper index ON on input line 4185.
Package hyperref Info: Plain pages OFF on input line 4192.
Package hyperref Info: Backreferencing OFF on input line 4197.
Package hyperref Info: Implicit mode ON; LaTeX internals redefined.
Package hyperref Info: Bookmarks ON on input line 4425.
\c@Hy@tempcnt=\count197

(/usr/local/texlive/2023/texmf-dist/tex/latex/url/url.sty
\Urlmuskip=\muskip16
Package: url 2013/09/16  ver 3.4  Verb mode for urls, etc.
)
LaTeX Info: Redefining \url on input line 4763.
\XeTeXLinkMargin=\dimen144

(/usr/local/texlive/2023/texmf-dist/tex/generic/bitset/bitset.sty
Package: bitset 2019/12/09 v1.3 Handle bit-vector datatype (HO)

(/usr/local/texlive/2023/texmf-dist/tex/generic/bigintcalc/bigintcalc.sty
Package: bigintcalc 2019/12/15 v1.5 Expandable calculations on big integers (HO
)
))
\Fld@menulength=\count198
\Field@Width=\dimen145
\Fld@charsize=\dimen146
Package hyperref Info: Hyper figures OFF on input line 6042.
Package hyperref Info: Link nesting OFF on input line 6047.
Package hyperref Info: Hyper index ON on input line 6050.
Package hyperref Info: backreferencing OFF on input line 6057.
Package hyperref Info: Link coloring ON on input line 6060.
Package hyperref Info: Link coloring with OCG OFF on input line 6067.
Package hyperref Info: PDF/A mode OFF on input line 6072.

(/usr/local/texlive/2023/texmf-dist/tex/latex/base/atbegshi-ltx.sty
Package: atbegshi-ltx 2021/01/10 v1.0c Emulation of the original atbegshi
package with kernel methods
)
\Hy@abspage=\count199
\c@Item=\count266
\c@Hfootnote=\count267
)
Package hyperref Info: Driver (autodetected): hpdftex.

(/usr/local/texlive/2023/texmf-dist/tex/latex/hyperref/hpdftex.def
File: hpdftex.def 2023-02-07 v7.00v Hyperref driver for pdfTeX

(/usr/local/texlive/2023/texmf-dist/tex/latex/base/atveryend-ltx.sty
Package: atveryend-ltx 2020/08/19 v1.0a Emulation of the original atveryend pac
kage
with kernel methods
)
\Fld@listcount=\count268
\c@bookmark@seq@number=\count269

(/usr/local/texlive/2023/texmf-dist/tex/latex/rerunfilecheck/rerunfilecheck.sty
Package: rerunfilecheck 2022-07-10 v1.10 Rerun checks for auxiliary files (HO)

(/usr/local/texlive/2023/texmf-dist/tex/generic/uniquecounter/uniquecounter.sty
Package: uniquecounter 2019/12/15 v1.4 Provide unlimited unique counter (HO)
)
Package uniquecounter Info: New unique counter `rerunfilecheck' on input line 2
85.
)
\Hy@SectionHShift=\skip50
) (/usr/local/texlive/2023/texmf-dist/tex/latex/xurl/xurl.sty
Package: xurl 2022/01/09 v 0.10 modify URL breaks
)
(/usr/local/texlive/2023/texmf-dist/tex/latex/comment/comment.sty
\CommentStream=\write3

Excluding comment 'comment')
(/usr/local/texlive/2023/texmf-dist/tex/latex/amsfonts/amssymb.sty
Package: amssymb 2013/01/14 v3.01 AMS font symbols

(/usr/local/texlive/2023/texmf-dist/tex/latex/amsfonts/amsfonts.sty
Package: amsfonts 2013/01/14 v3.01 Basic AMSFonts support
\@emptytoks=\toks17
\symAMSa=\mathgroup4
\symAMSb=\mathgroup5
LaTeX Font Info:    Redeclaring math symbol \hbar on input line 98.
LaTeX Font Info:    Overwriting math alphabet `\mathfrak' in version `bold'
(Font)                  U/euf/m/n --> U/euf/b/n on input line 106.
))
(/usr/local/texlive/2023/texmf-dist/tex/latex/amsmath/amsmath.sty
Package: amsmath 2022/04/08 v2.17n AMS math features
\@mathmargin=\skip51

For additional information on amsmath, use the `?' option.
(/usr/local/texlive/2023/texmf-dist/tex/latex/amsmath/amstext.sty
Package: amstext 2021/08/26 v2.01 AMS text

(/usr/local/texlive/2023/texmf-dist/tex/latex/amsmath/amsgen.sty
File: amsgen.sty 1999/11/30 v2.0 generic functions
\@emptytoks=\toks18
\ex@=\dimen147
))
(/usr/local/texlive/2023/texmf-dist/tex/latex/amsmath/amsbsy.sty
Package: amsbsy 1999/11/29 v1.2d Bold Symbols
\pmbraise@=\dimen148
)
(/usr/local/texlive/2023/texmf-dist/tex/latex/amsmath/amsopn.sty
Package: amsopn 2022/04/08 v2.04 operator names
)
\inf@bad=\count270
LaTeX Info: Redefining \frac on input line 234.
\uproot@=\count271
\leftroot@=\count272
LaTeX Info: Redefining \overline on input line 399.
LaTeX Info: Redefining \colon on input line 410.
\classnum@=\count273
\DOTSCASE@=\count274
LaTeX Info: Redefining \ldots on input line 496.
LaTeX Info: Redefining \dots on input line 499.
LaTeX Info: Redefining \cdots on input line 620.
\Mathstrutbox@=\box51
\strutbox@=\box52
LaTeX Info: Redefining \big on input line 722.
LaTeX Info: Redefining \Big on input line 723.
LaTeX Info: Redefining \bigg on input line 724.
LaTeX Info: Redefining \Bigg on input line 725.
\big@size=\dimen149
LaTeX Font Info:    Redeclaring font encoding OML on input line 743.
LaTeX Font Info:    Redeclaring font encoding OMS on input line 744.
\macc@depth=\count275
LaTeX Info: Redefining \bmod on input line 905.
LaTeX Info: Redefining \pmod on input line 910.
LaTeX Info: Redefining \smash on input line 940.
LaTeX Info: Redefining \relbar on input line 970.
LaTeX Info: Redefining \Relbar on input line 971.
\c@MaxMatrixCols=\count276
\dotsspace@=\muskip17
\c@parentequation=\count277
\dspbrk@lvl=\count278
\tag@help=\toks19
\row@=\count279
\column@=\count280
\maxfields@=\count281
\andhelp@=\toks20
\eqnshift@=\dimen150
\alignsep@=\dimen151
\tagshift@=\dimen152
\tagwidth@=\dimen153
\totwidth@=\dimen154
\lineht@=\dimen155
\@envbody=\toks21
\multlinegap=\skip52
\multlinetaggap=\skip53
\mathdisplay@stack=\toks22
LaTeX Info: Redefining \[ on input line 2953.
LaTeX Info: Redefining \] on input line 2954.
)
(/usr/local/texlive/2023/texmf-dist/tex/latex/tools/bm.sty
Package: bm 2022/01/05 v1.2f Bold Symbol Support (DPC/FMi)
\symboldoperators=\mathgroup6
\symboldletters=\mathgroup7
\symboldsymbols=\mathgroup8
Package bm Info: No bold for \OMX/cmex/m/n, using \pmb.
Package bm Info: No bold for \U/msa/m/n, using \pmb.
Package bm Info: No bold for \U/msb/m/n, using \pmb.
LaTeX Font Info:    Redeclaring math alphabet \mathbf on input line 149.
)
(/usr/local/texlive/2023/texmf-dist/tex/latex/caption/caption.sty
Package: caption 2023/03/12 v3.6j Customizing captions (AR)

(/usr/local/texlive/2023/texmf-dist/tex/latex/caption/caption3.sty
Package: caption3 2023/03/12 v2.4 caption3 kernel (AR)
\caption@tempdima=\dimen156
\captionmargin=\dimen157
\caption@leftmargin=\dimen158
\caption@rightmargin=\dimen159
\caption@width=\dimen160
\caption@indent=\dimen161
\caption@parindent=\dimen162
\caption@hangindent=\dimen163
Package caption Info: Standard document class detected.
)
\c@caption@flags=\count282
\c@continuedfloat=\count283
Package caption Info: hyperref package is loaded.
)
(/usr/local/texlive/2023/texmf-dist/tex/latex/appendix/appendix.sty
Package: appendix 2020/02/08 v1.2c extra appendix facilities
\c@@pps=\count284
\c@@ppsavesec=\count285
\c@@ppsaveapp=\count286
)
(/usr/local/texlive/2023/texmf-dist/tex/latex/l3backend/l3backend-pdftex.def
File: l3backend-pdftex.def 2023-01-16 L3 backend support: PDF output (pdfTeX)
\l__color_backend_stack_int=\count287
\l__pdf_internal_box=\box53
)
(./UserManual.aux)
\openout1 = `UserManual.aux'.

LaTeX Font Info:    Checking defaults for OML/cmm/m/it on input line 84.
LaTeX Font Info:    ... okay on input line 84.
LaTeX Font Info:    Checking defaults for OMS/cmsy/m/n on input line 84.
LaTeX Font Info:    ... okay on input line 84.
LaTeX Font Info:    Checking defaults for OT1/cmr/m/n on input line 84.
LaTeX Font Info:    ... okay on input line 84.
LaTeX Font Info:    Checking defaults for T1/cmr/m/n on input line 84.
LaTeX Font Info:    ... okay on input line 84.
LaTeX Font Info:    Checking defaults for TS1/cmr/m/n on input line 84.
LaTeX Font Info:    ... okay on input line 84.
LaTeX Font Info:    Checking defaults for OMX/cmex/m/n on input line 84.
LaTeX Font Info:    ... okay on input line 84.
LaTeX Font Info:    Checking defaults for U/cmr/m/n on input line 84.
LaTeX Font Info:    ... okay on input line 84.
LaTeX Font Info:    Checking defaults for PD1/pdf/m/n on input line 84.
LaTeX Font Info:    ... okay on input line 84.
LaTeX Font Info:    Checking defaults for PU/pdf/m/n on input line 84.
LaTeX Font Info:    ... okay on input line 84.

(/usr/local/texlive/2023/texmf-dist/tex/context/base/mkii/supp-pdf.mkii
[Loading MPS to PDF converter (version 2006.09.02).]
\scratchcounter=\count288
\scratchdimen=\dimen164
\scratchbox=\box54
\nofMPsegments=\count289
\nofMParguments=\count290
\everyMPshowfont=\toks23
\MPscratchCnt=\count291
\MPscratchDim=\dimen165
\MPnumerator=\count292
\makeMPintoPDFobject=\count293
\everyMPtoPDFconversion=\toks24
) (/usr/local/texlive/2023/texmf-dist/tex/latex/epstopdf-pkg/epstopdf-base.sty
Package: epstopdf-base 2020-01-24 v2.11 Base part for package epstopdf

(/usr/local/texlive/2023/texmf-dist/tex/latex/grfext/grfext.sty
Package: grfext 2019/12/03 v1.3 Manage graphics extensions (HO)
)
Package epstopdf-base Info: Redefining graphics rule for `.eps' on input line 4
85.
Package grfext Info: Graphics extension search list:
(grfext)             [.pdf,.png,.jpg,.mps,.jpeg,.jbig2,.jb2,.PDF,.PNG,.JPG,.JPE
G,.JBIG2,.JB2,.eps]
(grfext)             \AppendGraphicsExtensions on input line 504.

(/usr/local/texlive/2023/texmf-dist/tex/latex/latexconfig/epstopdf-sys.cfg
File: epstopdf-sys.cfg 2010/07/13 v1.3 Configuration of (r)epstopdf for TeX Liv
e
))
(/usr/local/texlive/2023/texmf-dist/tex/latex/graphics/color.sty
Package: color 2022/01/06 v1.3d Standard LaTeX Color (DPC)

(/usr/local/texlive/2023/texmf-dist/tex/latex/graphics-cfg/color.cfg
File: color.cfg 2016/01/02 v1.6 sample color configuration
)
Package color Info: Driver file: pdftex.def on input line 149.

(/usr/local/texlive/2023/texmf-dist/tex/latex/graphics/mathcolor.ltx))
Package hyperref Info: Link coloring ON on input line 84.

(./UserManual.out) (./UserManual.out)
\@outlinefile=\write4
\openout4 = `UserManual.out'.

Package caption Info: Begin \AtBeginDocument code.
Package caption Info: End \AtBeginDocument code.
<FRIB_logo.png, id=176, 105.996pt x 135.3858pt>
File: FRIB_logo.png Graphic file (type png)
<use FRIB_logo.png>
Package pdftex.def Info: FRIB_logo.png  used on input line 112.
(pdftex.def)             Requested size: 101.17645pt x 129.23346pt.
<msu_logo.pdf, id=178, 266.9975pt x 57.21375pt>
File: msu_logo.pdf Graphic file (type pdf)
<use msu_logo.pdf>
Package pdftex.def Info: msu_logo.pdf  used on input line 115.
(pdftex.def)             Requested size: 131.52861pt x 28.186pt.
<BAND_logo.png, id=179, 224.17084pt x 97.02916pt>
File: BAND_logo.png Graphic file (type png)
<use BAND_logo.png>
Package pdftex.def Info: BAND_logo.png  used on input line 119.
(pdftex.def)             Requested size: 121.41637pt x 52.55336pt.
 [1

{/usr/local/texlive/2023/texmf-var/fonts/map/pdftex/updmap/pdftex.map} <./FRIB_
logo.png> <./msu_logo.pdf> <./BAND_logo.png>] (./UserManual.toc
LaTeX Font Info:    Trying to load font information for U+msa on input line 3.

(/usr/local/texlive/2023/texmf-dist/tex/latex/amsfonts/umsa.fd
File: umsa.fd 2013/01/14 v3.01 AMS symbols A
)
LaTeX Font Info:    Trying to load font information for U+msb on input line 3.

(/usr/local/texlive/2023/texmf-dist/tex/latex/amsfonts/umsb.fd
File: umsb.fd 2013/01/14 v3.01 AMS symbols B
)
pdfTeX warning (ext4): destination with the same identifier (name{page.1}) has 
been already used, duplicate ignored
<to be read again> 
                   \relax 
l.29 ...berline {8.1}Overview}{22}{subsection.8.1}
                                                  % [1])
\tf@toc=\write5
\openout5 = `UserManual.toc'.

 [2] [3]
(./installation.tex
Overfull \hbox (12.81026pt too wide) in paragraph at lines 39--39
[]    \OT1/cmtt/m/n/12 /Users/CarlosSmith% git clone https://github.com/bandfra
mework/bandframework.git[] 
 []

[4{/usr/local/texlive/2023/texmf-dist/fonts/enc/dvips/cm-super/cm-super-ts1.enc
}]
<directorystructure.pdf, id=261, 1927.2pt x 1084.05pt>
File: directorystructure.pdf Graphic file (type pdf)
<use directorystructure.pdf>
Package pdftex.def Info: directorystructure.pdf  used on input line 70.
(pdftex.def)             Requested size: 480.59395pt x 270.33365pt.

Overfull \hbox (8.15161pt too wide) in paragraph at lines 74--75
\OT1/cmr/m/n/12 libaries are not par-tic-u-larly de-signed for \OT1/cmr/m/it/12
 Smooth Em-u-la-tor \OT1/cmr/m/n/12 or \OT1/cmr/m/it/12 Sim-plex Sam-pler\OT1/c
mr/m/n/12 . The \OT1/cmtt/m/n/12 SmoothEmulator/
 []


Overfull \hbox (63.67096pt too wide) in paragraph at lines 74--75
\OT1/cmtt/m/n/12 MY[]LOCAL/main[]programs/\OT1/cmr/m/n/12 . It is not en-vi-sio
ned that the User would edit files in the \OT1/cmtt/m/n/12 SmoothEmulator/softw
are/
 []

[5] [6 <./directorystructure.pdf>]
Overfull \hbox (18.98526pt too wide) in paragraph at lines 87--87
[]    \OT1/cmtt/m/n/12 GITHOME_BAND/SmoothUtilities/software% cd ../GITHOME_BAN
D/SmoothEmulator/software[] 
 []


Overfull \hbox (12.019pt too wide) in paragraph at lines 115--116
\OT1/cmr/m/it/12 Smooth Em-u-la-tor \OT1/cmtt/m/n/12 MY[]PROJECT/parameters/emu
lator[]parameters.txt\OT1/cmr/m/n/12 . The \OT1/cmtt/m/n/12 MY[]PROJECT/modelru
ns
 []


Overfull \hbox (15.56712pt too wide) in paragraph at lines 115--116
\OT1/cmr/m/n/12 di-rec-tory will store in-for-ma-tion for each full-model run. 
The di-rec-to-ries \OT1/cmtt/m/n/12 MY[]PROJECT/modelruns/run0/\OT1/cmr/m/n/12 
,
 []

[7]) [8] (./simplex.tex
Overfull \hbox (5.90099pt too wide) in paragraph at lines 12--15
\OT1/cmr/m/n/12 pa-ram-e-ters are typ-i-cally stored in the file \OT1/cmtt/m/n/
12 MY[]PROJECT/parameters/simplex[]parameters.txt\OT1/cmr/m/n/12 , where
 []

[9] [10]
Overfull \hbox (46.28143pt too wide) in paragraph at lines 72--73
\OT1/cmtt/m/n/12 PARAMETER[]FILE[]NAME \OT1/cmr/m/n/12 is the name of the sim-p
lex pa-ram-e-ter file, e.g. \OT1/cmtt/m/n/12 parameters/simplex[]parameters.txt
\OT1/cmr/m/n/12 .
 []

) [11] (./fullmodel.tex) [12] (./emulator.tex [13]
Overfull \hbox (41.20706pt too wide) in paragraph at lines 39--40
\OT1/cmr/m/n/12 the com-mand line when run-ning \OT1/cmr/m/it/12 Smooth Em-u-la
-tor\OT1/cmr/m/n/12 , but is typ-i-cally \OT1/cmtt/m/n/12 parameters/emulator[]
parameters.txt\OT1/cmr/m/n/12 .
 []

[14] [15]
Overfull \hbox (28.46202pt too wide) in paragraph at lines 91--95
\OT1/cmr/m/n/12 This would choose the train-ing in-for-ma-tion from the di-rec-
to-ries \OT1/cmtt/m/n/12 run0,run1,run2,run3,run4,run13
 []


Overfull \hbox (34.17355pt too wide) in paragraph at lines 91--95
\OT1/cmr/m/n/12 and \OT1/cmtt/m/n/12 run14\OT1/cmr/m/n/12 , which would be foun
d in the di-rec-tory de-noted by the \OT1/cmtt/m/n/12 SmoothEmulator[]ModelRunD
irName
 []


Overfull \hbox (14.04842pt too wide) in paragraph at lines 126--128
\OT1/cmr/m/n/12 The source code for the \OT1/cmr/m/it/12 Smooth Em-u-la-tor \OT
1/cmr/m/n/12 main pro-gram can be found in the \OT1/cmtt/m/n/12 MY[]LOCAL/main[
]programs/
 []


Overfull \hbox (5.98502pt too wide) in paragraph at lines 126--128
\OT1/cmr/m/n/12 with the dis-tri-bu-tions are MY[]LOCAL and \OT1/cmtt/m/n/12 MY
[]LOCAL/main[]programs/smoothy[]calc[]main.cc\OT1/cmr/m/n/12 . Once
 []


Overfull \hbox (62.65268pt too wide) in paragraph at lines 126--128
\OT1/cmr/m/n/12 com-piled the cor-re-spond-ing ex-e-cuta-bles are \OT1/cmtt/m/n
/12 MY[]LOCAL/bin/smoothy[]tune \OT1/cmr/m/n/12 and \OT1/cmtt/m/n/12 MY[]LOCAL/
bin/smoothy[]calcobs\OT1/cmr/m/n/12 .
 []

[16]
Overfull \hbox (126.50659pt too wide) in paragraph at lines 161--162
[]\OT1/cmr/m/n/12 Here \OT1/cmtt/m/n/12 PARAMETERS/MY[]PARAMETERS.TXT \OT1/cmr/
m/n/12 can be re-placed by the User, but is typ-i-cally \OT1/cmtt/m/n/12 parame
ters/emulator[]parameters.txt\OT1/cmr/m/n/12 . 
 []

[17]
Overfull \hbox (25.33952pt too wide) in paragraph at lines 167--169
\OT1/cmr/m/n/12 er-ate pre-dic-tions for spec-i-fied val-ues of the pa-ram-e-te
rs. The ex-e-cutable \OT1/cmtt/m/n/12 MY[]LOCAL/bin/smoothy[]calcobs\OT1/cmr/m/
n/12 ,
 []


Overfull \hbox (39.12651pt too wide) in paragraph at lines 167--169
\OT1/cmr/m/n/12 is such an ex-am-ple. It is com-piled from the main pro-gram, \
OT1/cmtt/m/n/12 MY[]LOCAL/main[]programs/smoothy[]calcobs.cc\OT1/cmr/m/n/12 : 
 []


Overfull \hbox (37.51027pt too wide) in paragraph at lines 200--200
[]        \OT1/cmtt/m/n/12 cout << obsinfo->GetName(iY) << " = " << Y[iY] << " 
+/- " << SigmaY[iY] << endl;[] 
 []

) [18] (./pca.tex [19]
Overfull \hbox (18.84923pt too wide) in paragraph at lines 45--47
[]\OT1/cmr/m/n/12 The sec-ond sam-ple pro-gram reads the trans-for-ma-tion in-f
or-ma-tion writ-ten by \OT1/cmtt/m/n/12 pca[]calctransformation\OT1/cmr/m/n/12 
.
 []

) [20] (./mcmc.tex) [21] (./tutorial.tex
Overfull \hbox (115.91597pt too wide) in paragraph at lines 22--24
\OT1/cmr/m/n/12 rec-tory onto their com-puter. The User needs to copy two di-re
c-to-ries, \OT1/cmtt/m/n/12 GITHOME[]BAND/SmoothEmulator/templates/mylocal
 []

[22]
Overfull \hbox (20.17534pt too wide) in paragraph at lines 42--43
\OT1/cmtt/m/n/12 par2\OT1/cmr/m/n/12 , \OT1/cmtt/m/n/12 par3 \OT1/cmr/m/n/12 an
d \OT1/cmtt/m/n/12 par4\OT1/cmr/m/n/12 . These names would nor-mally be more de
-scrip-tive, e.g. \OT1/cmtt/m/n/12 NuclearCompressibility\OT1/cmr/m/n/12 .
 []


Overfull \hbox (0.51355pt too wide) in paragraph at lines 56--58
\OT1/cmr/m/n/12 For this tu-to-rial, the pro-vided pa-ram-e-ter file is \OT1/cm
tt/m/n/12 MY[]PROJECT/parameters/simplex[]parameters.txt\OT1/cmr/m/n/12 .
 []


Overfull \hbox (0.46025pt too wide) in paragraph at lines 63--63
[]   \OT1/cmtt/m/n/12 #Simplex_LogFileName    simplexlog.txt # comment out to d
irect output to screen[] 
 []

[23] [24] [25]
Overfull \hbox (68.38528pt too wide) in paragraph at lines 179--179
[] \OT1/cmtt/m/n/12 success percentage=30.900000, SigmaA=170.951454, logP/Ndof=
-0.604220,BestLogP/Ndof=-0.482655[] 
 []


Overfull \hbox (68.38528pt too wide) in paragraph at lines 179--179
[] \OT1/cmtt/m/n/12 success percentage=29.980000, SigmaA=842.098167, logP/Ndof=
-0.731110,BestLogP/Ndof=-0.544052[] 
 []


Overfull \hbox (68.38528pt too wide) in paragraph at lines 179--179
[] \OT1/cmtt/m/n/12 success percentage=30.840000, SigmaA=184.488302, logP/Ndof=
-0.651830,BestLogP/Ndof=-0.528882[] 
 []


Overfull \hbox (68.38528pt too wide) in paragraph at lines 179--179
[] \OT1/cmtt/m/n/12 success percentage=31.330000, SigmaA=151.392117, logP/Ndof=
-0.784629,BestLogP/Ndof=-0.583911[] 
 []


Overfull \hbox (68.38528pt too wide) in paragraph at lines 179--179
[] \OT1/cmtt/m/n/12 success percentage=30.120000, SigmaA=120.719517, logP/Ndof=
-0.588851,BestLogP/Ndof=-0.481046[] 
 []


Overfull \hbox (68.38528pt too wide) in paragraph at lines 179--179
[] \OT1/cmtt/m/n/12 success percentage=29.950000, SigmaA=178.510175, logP/Ndof=
-0.671494,BestLogP/Ndof=-0.495041[] 
 []


Overfull \hbox (68.38528pt too wide) in paragraph at lines 179--179
[] \OT1/cmtt/m/n/12 success percentage=29.710000, SigmaA=281.210451, logP/Ndof=
-0.750559,BestLogP/Ndof=-0.605111[] 
 []


Overfull \hbox (68.38528pt too wide) in paragraph at lines 179--179
[] \OT1/cmtt/m/n/12 success percentage=29.930000, SigmaA=171.487852, logP/Ndof=
-0.599591,BestLogP/Ndof=-0.521237[] 
 []


Overfull \hbox (62.21028pt too wide) in paragraph at lines 179--179
[] \OT1/cmtt/m/n/12 success percentage=19.490000, SigmaA=53.649126, logP/Ndof=-
0.625247,BestLogP/Ndof=-0.492470[] 
 []


Overfull \hbox (62.21028pt too wide) in paragraph at lines 179--179
[] \OT1/cmtt/m/n/12 success percentage=19.910000, SigmaA=84.204171, logP/Ndof=-
0.656591,BestLogP/Ndof=-0.527139[] 
 []


Overfull \hbox (62.21028pt too wide) in paragraph at lines 179--179
[] \OT1/cmtt/m/n/12 success percentage=17.380000, SigmaA=46.138790, logP/Ndof=-
0.780594,BestLogP/Ndof=-0.573535[] 
 []


Overfull \hbox (62.21028pt too wide) in paragraph at lines 179--179
[] \OT1/cmtt/m/n/12 success percentage=18.750000, SigmaA=92.444543, logP/Ndof=-
0.531562,BestLogP/Ndof=-0.505887[] 
 []


Overfull \hbox (62.21028pt too wide) in paragraph at lines 179--179
[] \OT1/cmtt/m/n/12 success percentage=19.190000, SigmaA=60.575128, logP/Ndof=-
0.540636,BestLogP/Ndof=-0.457436[] 
 []


Overfull \hbox (62.21028pt too wide) in paragraph at lines 179--179
[] \OT1/cmtt/m/n/12 success percentage=17.920000, SigmaA=75.219279, logP/Ndof=-
0.674120,BestLogP/Ndof=-0.539112[] 
 []


Overfull \hbox (62.21028pt too wide) in paragraph at lines 179--179
[] \OT1/cmtt/m/n/12 success percentage=18.360000, SigmaA=40.116381, logP/Ndof=-
0.656642,BestLogP/Ndof=-0.557670[] 
 []


Overfull \hbox (62.21028pt too wide) in paragraph at lines 179--179
[] \OT1/cmtt/m/n/12 success percentage=19.470000, SigmaA=74.261850, logP/Ndof=-
0.675975,BestLogP/Ndof=-0.564430[] 
 []


Overfull \hbox (62.21028pt too wide) in paragraph at lines 179--179
[] \OT1/cmtt/m/n/12 success percentage=19.760000, SigmaA=82.486706, logP/Ndof=-
0.669089,BestLogP/Ndof=-0.489885[] 
 []


Overfull \hbox (62.21028pt too wide) in paragraph at lines 179--179
[] \OT1/cmtt/m/n/12 success percentage=19.970000, SigmaA=44.492860, logP/Ndof=-
0.632434,BestLogP/Ndof=-0.497695[] 
 []


Overfull \hbox (62.21028pt too wide) in paragraph at lines 179--179
[] \OT1/cmtt/m/n/12 success percentage=19.520000, SigmaA=80.956164, logP/Ndof=-
0.682640,BestLogP/Ndof=-0.549880[] 
 []


Overfull \hbox (62.21028pt too wide) in paragraph at lines 179--179
[] \OT1/cmtt/m/n/12 success percentage=19.340000, SigmaA=70.625835, logP/Ndof=-
0.668105,BestLogP/Ndof=-0.518805[] 
 []


Overfull \hbox (68.38528pt too wide) in paragraph at lines 179--179
[] \OT1/cmtt/m/n/12 success percentage=19.590000, SigmaA=116.988915, logP/Ndof=
-0.673993,BestLogP/Ndof=-0.582763[] 
 []


Overfull \hbox (62.21028pt too wide) in paragraph at lines 179--179
[] \OT1/cmtt/m/n/12 success percentage=19.080000, SigmaA=89.891122, logP/Ndof=-
0.631130,BestLogP/Ndof=-0.508224[] 
 []


Overfull \hbox (68.38528pt too wide) in paragraph at lines 179--179
[] \OT1/cmtt/m/n/12 success percentage=19.880000, SigmaA=102.710384, logP/Ndof=
-0.707850,BestLogP/Ndof=-0.542698[] 
 []


Overfull \hbox (68.38528pt too wide) in paragraph at lines 179--179
[] \OT1/cmtt/m/n/12 success percentage=19.450000, SigmaA=206.622539, logP/Ndof=
-0.800493,BestLogP/Ndof=-0.486518[] 
 []

[26]
Overfull \hbox (25.48907pt too wide) in paragraph at lines 186--187
\OT1/cmr/m/n/12 co-ef-fi-cients later. In this case, \OT1/cmtt/m/n/12 smoothy[]
tune \OT1/cmr/m/n/12 cre-ated the di-rec-to-ries, \OT1/cmtt/m/n/12 MY[]PROJECT/
coefficients/length\OT1/cmr/m/n/12 ,
 []


Overfull \hbox (24.68129pt too wide) in paragraph at lines 190--191
\OT1/cmr/m/n/12 ables for spec-i-fied points in model-parameter space. A sam-pl
e pro-gram, \OT1/cmtt/m/n/12 MY[]LOCAL/bin/smoothy[]calcobs
 []

[27]
Overfull \hbox (5.479pt too wide) in paragraph at lines 241--243
\OT1/cmr/m/n/12 gram based on this source code, and com-pile and link it by edi
t-ing \OT1/cmtt/m/n/12 MY[]LOCAL/build/CMakeLists.txt\OT1/cmr/m/n/12 .
 []

[28]
Overfull \hbox (136.31032pt too wide) in paragraph at lines 281--281
[]   \OT1/cmtt/m/n/12 CModelParameters *modpars=new CModelParameters(master.pri
orinfo); // contains info about single point[] 
 []


Overfull \hbox (25.16026pt too wide) in paragraph at lines 281--281
[]      \OT1/cmtt/m/n/12 cout << obsinfo->GetName(iY) << " = " << Y[iY] << " +/
- " << SigmaY[iY] << endl;[] 
 []


Overfull \hbox (9.1579pt too wide) in paragraph at lines 287--288
[]\OT1/cmr/m/n/12 Creates a model-parameters ob-ject, \OT1/cmtt/m/n/12 modpars\
OT1/cmr/m/n/12 , that stores the co-or-di-nates of the model-parameter
 []

) [29] (./theory.tex
pdfTeX warning (ext4): destination with the same identifier (name{section.9}) h
as been already used, duplicate ignored
<to be read again> 
                   \relax 
l.5 ...Underlying Theory of {\it Smooth Emulator}}
                                                  \label{sec:theory} [30]
[31] [32] [33] [34] [35] [36] [37] [38] [39] [40]
<onepar2points/onepartest_Lambda2.pdf, id=513, 433.62pt x 361.35pt>
File: onepar2points/onepartest_Lambda2.pdf Graphic file (type pdf)
<use onepar2points/onepartest_Lambda2.pdf>
Package pdftex.def Info: onepar2points/onepartest_Lambda2.pdf  used on input li
ne 430.
(pdftex.def)             Requested size: 161.8885pt x 134.9049pt.
<onepar2points/onepartest_Lambda4.pdf, id=514, 433.62pt x 361.35pt>
File: onepar2points/onepartest_Lambda4.pdf Graphic file (type pdf)
<use onepar2points/onepartest_Lambda4.pdf>
Package pdftex.def Info: onepar2points/onepartest_Lambda4.pdf  used on input li
ne 431.
(pdftex.def)             Requested size: 161.8885pt x 134.9049pt.
<onepar3points/onepartest_Lambda2.pdf, id=515, 433.62pt x 361.35pt>
File: onepar3points/onepartest_Lambda2.pdf Graphic file (type pdf)
<use onepar3points/onepartest_Lambda2.pdf>
Package pdftex.def Info: onepar3points/onepartest_Lambda2.pdf  used on input li
ne 432.
(pdftex.def)             Requested size: 161.8885pt x 134.9049pt.

Overfull \hbox (5.23758pt too wide) in paragraph at lines 430--434
[][]|  []|  [] 
 []

[41]
<sixpars/NPars6_Lambda3_NTrain7.pdf, id=525, 433.62pt x 361.35pt>
File: sixpars/NPars6_Lambda3_NTrain7.pdf Graphic file (type pdf)
<use sixpars/NPars6_Lambda3_NTrain7.pdf>
Package pdftex.def Info: sixpars/NPars6_Lambda3_NTrain7.pdf  used on input line
 441.
(pdftex.def)             Requested size: 161.8885pt x 134.9049pt.
<sixpars/NPars6_Lambda6_NTrain7.pdf, id=526, 433.62pt x 361.35pt>
File: sixpars/NPars6_Lambda6_NTrain7.pdf Graphic file (type pdf)
<use sixpars/NPars6_Lambda6_NTrain7.pdf>
Package pdftex.def Info: sixpars/NPars6_Lambda6_NTrain7.pdf  used on input line
 442.
(pdftex.def)             Requested size: 161.8885pt x 134.9049pt.
<sixpars/NPars6_Lambda3_NTrain28.pdf, id=527, 433.62pt x 361.35pt>
File: sixpars/NPars6_Lambda3_NTrain28.pdf Graphic file (type pdf)
<use sixpars/NPars6_Lambda3_NTrain28.pdf>
Package pdftex.def Info: sixpars/NPars6_Lambda3_NTrain28.pdf  used on input lin
e 443.
(pdftex.def)             Requested size: 161.8885pt x 134.9049pt.

Overfull \hbox (5.23758pt too wide) in paragraph at lines 441--446
[][]|  []|  [] 
 []

) [42 <./onepar2points/onepartest_Lambda2.pdf> <./onepar2points/onepartest_Lamb
da4.pdf

pdfTeX warning: pdflatex (file ./onepar2points/onepartest_Lambda4.pdf): PDF inc
lusion: multiple pdfs with page group included in a single page
> <./onepar3points/onepartest_Lambda2.pdf

pdfTeX warning: pdflatex (file ./onepar3points/onepartest_Lambda2.pdf): PDF inc
lusion: multiple pdfs with page group included in a single page
>] [43 <./sixpars/NPars6_Lambda3_NTrain7.pdf> <./sixpars/NPars6_Lambda6_NTrain7
.pdf

pdfTeX warning: pdflatex (file ./sixpars/NPars6_Lambda6_NTrain7.pdf): PDF inclu
sion: multiple pdfs with page group included in a single page
> <./sixpars/NPars6_Lambda3_NTrain28.pdf

pdfTeX warning: pdflatex (file ./sixpars/NPars6_Lambda3_NTrain28.pdf): PDF incl
usion: multiple pdfs with page group included in a single page
>] (./UserManual.aux)
Package rerunfilecheck Info: File `UserManual.out' has not changed.
(rerunfilecheck)             Checksum: 474DFDABC136394D51B6399B5F293FDC;3548.
 ) 
Here is how much of TeX's memory you used:
 11773 strings out of 476025
 191161 string characters out of 5790017
 1868388 words of memory out of 5000000
 31877 multiletter control sequences out of 15000+600000
 522096 words of font info for 67 fonts, out of 8000000 for 9000
 1141 hyphenation exceptions out of 8191
 75i,15n,76p,1590b,731s stack positions out of 10000i,1000n,20000p,200000b,200000s
</usr/local/texlive/2023/texmf-dist/fonts/type1/public/amsfonts/cm/cmbsy10.pf
b></usr/local/texlive/2023/texmf-dist/fonts/type1/public/amsfonts/cmextra/cmbsy
6.pfb></usr/local/texlive/2023/texmf-dist/fonts/type1/public/amsfonts/cmextra/c
mbsy8.pfb></usr/local/texlive/2023/texmf-dist/fonts/type1/public/amsfonts/cm/cm
bx10.pfb></usr/local/texlive/2023/texmf-dist/fonts/type1/public/amsfonts/cm/cmb
x12.pfb></usr/local/texlive/2023/texmf-dist/fonts/type1/public/amsfonts/cm/cmbx
6.pfb></usr/local/texlive/2023/texmf-dist/fonts/type1/public/amsfonts/cm/cmbx8.
pfb></usr/local/texlive/2023/texmf-dist/fonts/type1/public/amsfonts/cm/cmex10.p
fb></usr/local/texlive/2023/texmf-dist/fonts/type1/public/amsfonts/cmextra/cmex
8.pfb></usr/local/texlive/2023/texmf-dist/fonts/type1/public/amsfonts/cm/cmmib1
0.pfb></usr/local/texlive/2023/texmf-dist/fonts/type1/public/amsfonts/cmextra/c
mmib6.pfb></usr/local/texlive/2023/texmf-dist/fonts/type1/public/amsfonts/cmext
ra/cmmib8.pfb></usr/local/texlive/2023/texmf-dist/fonts/type1/public/amsfonts/c
m/cmr10.pfb></usr/local/texlive/2023/texmf-dist/fonts/type1/public/amsfonts/cm/
cmr12.pfb></usr/local/texlive/2023/texmf-dist/fonts/type1/public/amsfonts/cm/cm
ti10.pfb></usr/local/texlive/2023/texmf-dist/fonts/type1/public/amsfonts/cm/cmt
i12.pfb></usr/local/texlive/2023/texmf-dist/fonts/type1/public/amsfonts/cm/cmtt
10.pfb></usr/local/texlive/2023/texmf-dist/fonts/type1/public/amsfonts/cm/cmtt1
2.pfb></usr/local/texlive/2023/texmf-dist/fonts/type1/public/cm-super/sfrm1200.
pfb>
Output written on UserManual.pdf (44 pages, 815858 bytes).
PDF statistics:
 870 PDF objects out of 1000 (max. 8388607)
 619 compressed objects within 7 object streams
 152 named destinations out of 1000 (max. 500000)
 395 words of extra memory for PDF output out of 10000 (max. 10000000)

