\BOOKMARK [1][-]{section.1}{Overview}{}% 1
\BOOKMARK [1][-]{section.2}{Installation\040and\040Getting\040Started}{}% 2
\BOOKMARK [2][-]{subsection.2.1}{Prerequisites}{section.2}% 3
\BOOKMARK [2][-]{subsection.2.2}{Downloading\040the\040Repository\040and\040Setting\040the\040GITHOME_BAND\040Environment\040Variable}{section.2}% 4
\BOOKMARK [2][-]{subsection.2.3}{Directory\040and\040File\040Structure}{section.2}% 5
\BOOKMARK [2][-]{subsection.2.4}{Compiling\040Libraries\040}{section.2}% 6
\BOOKMARK [2][-]{subsection.2.5}{The\040Project\040Directory}{section.2}% 7
\BOOKMARK [1][-]{section.3}{Generating\040Training\040Points\040with\040Simplex\040Sampler}{}% 8
\BOOKMARK [2][-]{subsection.3.1}{Summary}{section.3}% 9
\BOOKMARK [2][-]{subsection.3.2}{Simplex\040Parameters\040\(not\040model\040parameters!\)}{section.3}% 10
\BOOKMARK [2][-]{subsection.3.3}{Specifying\040Model\040Parameters\040and\040Priors}{section.3}% 11
\BOOKMARK [2][-]{subsection.3.4}{Training\040Types}{section.3}% 12
\BOOKMARK [3][-]{subsubsection.3.4.1}{Type\0401}{subsection.3.4}% 13
\BOOKMARK [3][-]{subsubsection.3.4.2}{Type\0402}{subsection.3.4}% 14
\BOOKMARK [3][-]{subsubsection.3.4.3}{Type\0403}{subsection.3.4}% 15
\BOOKMARK [2][-]{subsection.3.5}{Running\040Simplex\040to\040Generate\040Training\040Points}{section.3}% 16
\BOOKMARK [1][-]{section.4}{Performing\040Full\040Model\040Runs}{}% 17
\BOOKMARK [1][-]{section.5}{Tuning\040the\040Emulator}{}% 18
\BOOKMARK [2][-]{subsection.5.1}{Summary}{section.5}% 19
\BOOKMARK [2][-]{subsection.5.2}{Smooth\040Emulator\040Parameters\040\(not\040model\040parameters!\)}{section.5}% 20
\BOOKMARK [2][-]{subsection.5.3}{Editing\040Info\040Files}{section.5}% 21
\BOOKMARK [2][-]{subsection.5.4}{Running\040the\040Smooth\040Emulator\040Program}{section.5}% 22
\BOOKMARK [1][-]{section.6}{Emulating\040Principal\040Components}{}% 23
\BOOKMARK [2][-]{subsection.6.1}{Summary}{section.6}% 24
\BOOKMARK [2][-]{subsection.6.2}{PCA\040Parameters\040\(not\040model\040parameters!\)}{section.6}% 25
\BOOKMARK [2][-]{subsection.6.3}{Running\040the\040PCA\040programs}{section.6}% 26
\BOOKMARK [1][-]{section.7}{MCMC\040Generation\040of\040Posterior}{}% 27
\BOOKMARK [1][-]{section.8}{Template-Based\040Tutorial}{}% 28
\BOOKMARK [2][-]{subsection.8.1}{Overview}{section.8}% 29
\BOOKMARK [2][-]{subsection.8.2}{Installation}{section.8}% 30
\BOOKMARK [2][-]{subsection.8.3}{Creating\040Necessary\040Info\040Files}{section.8}% 31
\BOOKMARK [2][-]{subsection.8.4}{Running\040Simplex\040Sampler}{section.8}% 32
\BOOKMARK [2][-]{subsection.8.5}{Running\040the\040Fake\040Full\040Model}{section.8}% 33
\BOOKMARK [2][-]{subsection.8.6}{Running\040Smooth\040Emulator}{section.8}% 34
\BOOKMARK [1][-]{section.9}{Generating\040Emulated\040Observables}{}% 35
\BOOKMARK [1][-]{section.9}{Underlying\040Theory\040of\040Smooth\040Emulator}{}% 36
\BOOKMARK [2][-]{subsection.9.1}{Mathematical\040Form\040of\040Smooth\040Emulator}{section.9}% 37
\BOOKMARK [2][-]{subsection.9.2}{Alternate\040Forms}{section.9}% 38
\BOOKMARK [2][-]{subsection.9.3}{Tuning\040the\040Emulator}{section.9}% 39
\BOOKMARK [2][-]{subsection.9.4}{Exact\040Solution\040for\040Most\040Probable\040Coefficients}{section.9}% 40
\BOOKMARK [1][-]{section.10}{Theoretical\040Basis\040of\040Simplex\040Sampler}{}% 41
\BOOKMARK [2][-]{subsection.10.1}{The\040Pernicious\040Nature\040of\040Step-Function\040Priors\040in\040High\040Dimension}{section.10}% 42
\BOOKMARK [1][-]{section.11}{Tests\040of\040the\040Smooth\040Emulator\040using\040Simplex\040Sampler\040for\040Training}{}% 43
